{"/Users/maximechemenda/Desktop/st-coursework/endpoints/auth.js": {"path":"/Users/maximechemenda/Desktop/st-coursework/endpoints/auth.js","statementMap":{"0":{"start":{"line":1,"column":0},"end":{"line":1,"column":27}},"1":{"start":{"line":3,"column":10},"end":{"line":3,"column":33}},"2":{"start":{"line":5,"column":13},"end":{"line":5,"column":38}},"3":{"start":{"line":6,"column":13},"end":{"line":6,"column":22}},"4":{"start":{"line":9,"column":26},"end":{"line":28,"column":1}},"5":{"start":{"line":10,"column":21},"end":{"line":10,"column":49}},"6":{"start":{"line":11,"column":16},"end":{"line":11,"column":54}},"7":{"start":{"line":13,"column":2},"end":{"line":15,"column":3}},"8":{"start":{"line":14,"column":4},"end":{"line":14,"column":31}},"9":{"start":{"line":16,"column":2},"end":{"line":27,"column":5}},"10":{"start":{"line":17,"column":4},"end":{"line":20,"column":5}},"11":{"start":{"line":18,"column":6},"end":{"line":18,"column":24}},"12":{"start":{"line":19,"column":6},"end":{"line":19,"column":71}},"13":{"start":{"line":22,"column":4},"end":{"line":26,"column":7}},"14":{"start":{"line":23,"column":6},"end":{"line":23,"column":33}},"15":{"start":{"line":24,"column":6},"end":{"line":24,"column":22}},"16":{"start":{"line":25,"column":6},"end":{"line":25,"column":13}},"17":{"start":{"line":30,"column":0},"end":{"line":32,"column":2}}},"fnMap":{"0":{"name":"(anonymous_0)","decl":{"start":{"line":9,"column":26},"end":{"line":9,"column":27}},"loc":{"start":{"line":9,"column":46},"end":{"line":28,"column":1}},"line":9},"1":{"name":"(anonymous_1)","decl":{"start":{"line":16,"column":44},"end":{"line":16,"column":45}},"loc":{"start":{"line":16,"column":61},"end":{"line":27,"column":3}},"line":16},"2":{"name":"(anonymous_2)","decl":{"start":{"line":22,"column":38},"end":{"line":22,"column":39}},"loc":{"start":{"line":22,"column":51},"end":{"line":26,"column":5}},"line":22}},"branchMap":{"0":{"loc":{"start":{"line":11,"column":16},"end":{"line":11,"column":54}},"type":"binary-expr","locations":[{"start":{"line":11,"column":16},"end":{"line":11,"column":26}},{"start":{"line":11,"column":30},"end":{"line":11,"column":54}}],"line":11},"1":{"loc":{"start":{"line":13,"column":2},"end":{"line":15,"column":3}},"type":"if","locations":[{"start":{"line":13,"column":2},"end":{"line":15,"column":3}},{"start":{},"end":{}}],"line":13},"2":{"loc":{"start":{"line":17,"column":4},"end":{"line":20,"column":5}},"type":"if","locations":[{"start":{"line":17,"column":4},"end":{"line":20,"column":5}},{"start":{},"end":{}}],"line":17}},"s":{"0":1,"1":1,"2":1,"3":1,"4":1,"5":3,"6":3,"7":3,"8":1,"9":2,"10":2,"11":1,"12":1,"13":1,"14":1,"15":1,"16":1,"17":1},"f":{"0":3,"1":2,"2":1},"b":{"0":[3,2],"1":[1,2],"2":[1,1]},"_coverageSchema":"1a1c01bbd47fc00a2c39e90264f33305004495a9","hash":"9ffc070e95a86919e7f55fdf924e1a5ca419a960"}
,"/Users/maximechemenda/Desktop/st-coursework/endpoints/orders.js": {"path":"/Users/maximechemenda/Desktop/st-coursework/endpoints/orders.js","statementMap":{"0":{"start":{"line":1,"column":0},"end":{"line":1,"column":27}},"1":{"start":{"line":3,"column":28},"end":{"line":3,"column":45}},"2":{"start":{"line":5,"column":13},"end":{"line":5,"column":38}},"3":{"start":{"line":6,"column":13},"end":{"line":6,"column":22}},"4":{"start":{"line":8,"column":14},"end":{"line":8,"column":40}},"5":{"start":{"line":9,"column":14},"end":{"line":9,"column":25}},"6":{"start":{"line":11,"column":0},"end":{"line":169,"column":1}},"7":{"start":{"line":14,"column":2},"end":{"line":33,"column":5}},"8":{"start":{"line":15,"column":4},"end":{"line":32,"column":5}},"9":{"start":{"line":18,"column":6},"end":{"line":22,"column":7}},"10":{"start":{"line":19,"column":8},"end":{"line":21,"column":11}},"11":{"start":{"line":23,"column":23},"end":{"line":23,"column":33}},"12":{"start":{"line":24,"column":24},"end":{"line":24,"column":56}},"13":{"start":{"line":26,"column":6},"end":{"line":26,"column":45}},"14":{"start":{"line":28,"column":6},"end":{"line":28,"column":25}},"15":{"start":{"line":29,"column":6},"end":{"line":31,"column":9}},"16":{"start":{"line":36,"column":2},"end":{"line":46,"column":5}},"17":{"start":{"line":37,"column":4},"end":{"line":45,"column":5}},"18":{"start":{"line":38,"column":22},"end":{"line":38,"column":62}},"19":{"start":{"line":39,"column":6},"end":{"line":39,"column":45}},"20":{"start":{"line":41,"column":6},"end":{"line":41,"column":25}},"21":{"start":{"line":42,"column":6},"end":{"line":44,"column":9}},"22":{"start":{"line":49,"column":2},"end":{"line":73,"column":5}},"23":{"start":{"line":50,"column":4},"end":{"line":72,"column":5}},"24":{"start":{"line":51,"column":24},"end":{"line":51,"column":34}},"25":{"start":{"line":52,"column":25},"end":{"line":52,"column":62}},"26":{"start":{"line":54,"column":6},"end":{"line":67,"column":7}},"27":{"start":{"line":57,"column":8},"end":{"line":61,"column":9}},"28":{"start":{"line":58,"column":10},"end":{"line":60,"column":13}},"29":{"start":{"line":62,"column":8},"end":{"line":62,"column":48}},"30":{"start":{"line":64,"column":8},"end":{"line":66,"column":11}},"31":{"start":{"line":69,"column":6},"end":{"line":71,"column":9}},"32":{"start":{"line":76,"column":2},"end":{"line":96,"column":5}},"33":{"start":{"line":77,"column":4},"end":{"line":95,"column":5}},"34":{"start":{"line":78,"column":23},"end":{"line":78,"column":49}},"35":{"start":{"line":79,"column":6},"end":{"line":79,"column":34}},"36":{"start":{"line":80,"column":25},"end":{"line":80,"column":64}},"37":{"start":{"line":82,"column":6},"end":{"line":89,"column":7}},"38":{"start":{"line":83,"column":30},"end":{"line":83,"column":51}},"39":{"start":{"line":84,"column":8},"end":{"line":84,"column":51}},"40":{"start":{"line":86,"column":8},"end":{"line":88,"column":11}},"41":{"start":{"line":91,"column":6},"end":{"line":91,"column":25}},"42":{"start":{"line":92,"column":6},"end":{"line":94,"column":9}},"43":{"start":{"line":99,"column":2},"end":{"line":125,"column":5}},"44":{"start":{"line":100,"column":4},"end":{"line":124,"column":5}},"45":{"start":{"line":101,"column":17},"end":{"line":101,"column":29}},"46":{"start":{"line":102,"column":25},"end":{"line":102,"column":57}},"47":{"start":{"line":105,"column":6},"end":{"line":109,"column":7}},"48":{"start":{"line":106,"column":8},"end":{"line":108,"column":11}},"49":{"start":{"line":111,"column":6},"end":{"line":118,"column":7}},"50":{"start":{"line":112,"column":29},"end":{"line":112,"column":87}},"51":{"start":{"line":113,"column":8},"end":{"line":113,"column":50}},"52":{"start":{"line":115,"column":8},"end":{"line":117,"column":11}},"53":{"start":{"line":120,"column":6},"end":{"line":120,"column":25}},"54":{"start":{"line":121,"column":6},"end":{"line":123,"column":9}},"55":{"start":{"line":128,"column":2},"end":{"line":146,"column":5}},"56":{"start":{"line":129,"column":4},"end":{"line":145,"column":5}},"57":{"start":{"line":130,"column":26},"end":{"line":130,"column":36}},"58":{"start":{"line":131,"column":25},"end":{"line":131,"column":62}},"59":{"start":{"line":133,"column":6},"end":{"line":137,"column":7}},"60":{"start":{"line":134,"column":8},"end":{"line":136,"column":11}},"61":{"start":{"line":139,"column":27},"end":{"line":139,"column":65}},"62":{"start":{"line":140,"column":6},"end":{"line":140,"column":48}},"63":{"start":{"line":142,"column":6},"end":{"line":144,"column":9}}},"fnMap":{"0":{"name":"(anonymous_0)","decl":{"start":{"line":11,"column":17},"end":{"line":11,"column":18}},"loc":{"start":{"line":11,"column":26},"end":{"line":169,"column":1}},"line":11},"1":{"name":"(anonymous_1)","decl":{"start":{"line":14,"column":53},"end":{"line":14,"column":54}},"loc":{"start":{"line":14,"column":73},"end":{"line":33,"column":3}},"line":14},"2":{"name":"(anonymous_2)","decl":{"start":{"line":36,"column":40},"end":{"line":36,"column":41}},"loc":{"start":{"line":36,"column":60},"end":{"line":46,"column":3}},"line":36},"3":{"name":"(anonymous_3)","decl":{"start":{"line":49,"column":48},"end":{"line":49,"column":49}},"loc":{"start":{"line":49,"column":68},"end":{"line":73,"column":3}},"line":49},"4":{"name":"(anonymous_4)","decl":{"start":{"line":76,"column":40},"end":{"line":76,"column":41}},"loc":{"start":{"line":76,"column":60},"end":{"line":96,"column":3}},"line":76},"5":{"name":"(anonymous_5)","decl":{"start":{"line":99,"column":39},"end":{"line":99,"column":40}},"loc":{"start":{"line":99,"column":59},"end":{"line":125,"column":3}},"line":99},"6":{"name":"(anonymous_6)","decl":{"start":{"line":128,"column":51},"end":{"line":128,"column":52}},"loc":{"start":{"line":128,"column":71},"end":{"line":146,"column":3}},"line":128}},"branchMap":{"0":{"loc":{"start":{"line":18,"column":6},"end":{"line":22,"column":7}},"type":"if","locations":[{"start":{"line":18,"column":6},"end":{"line":22,"column":7}},{"start":{},"end":{}}],"line":18},"1":{"loc":{"start":{"line":54,"column":6},"end":{"line":67,"column":7}},"type":"if","locations":[{"start":{"line":54,"column":6},"end":{"line":67,"column":7}},{"start":{"line":63,"column":13},"end":{"line":67,"column":7}}],"line":54},"2":{"loc":{"start":{"line":57,"column":8},"end":{"line":61,"column":9}},"type":"if","locations":[{"start":{"line":57,"column":8},"end":{"line":61,"column":9}},{"start":{},"end":{}}],"line":57},"3":{"loc":{"start":{"line":57,"column":11},"end":{"line":57,"column":82}},"type":"binary-expr","locations":[{"start":{"line":57,"column":11},"end":{"line":57,"column":36}},{"start":{"line":57,"column":40},"end":{"line":57,"column":82}}],"line":57},"4":{"loc":{"start":{"line":82,"column":6},"end":{"line":89,"column":7}},"type":"if","locations":[{"start":{"line":82,"column":6},"end":{"line":89,"column":7}},{"start":{"line":85,"column":13},"end":{"line":89,"column":7}}],"line":82},"5":{"loc":{"start":{"line":105,"column":6},"end":{"line":109,"column":7}},"type":"if","locations":[{"start":{"line":105,"column":6},"end":{"line":109,"column":7}},{"start":{},"end":{}}],"line":105},"6":{"loc":{"start":{"line":105,"column":9},"end":{"line":105,"column":80}},"type":"binary-expr","locations":[{"start":{"line":105,"column":9},"end":{"line":105,"column":34}},{"start":{"line":105,"column":38},"end":{"line":105,"column":80}}],"line":105},"7":{"loc":{"start":{"line":111,"column":6},"end":{"line":118,"column":7}},"type":"if","locations":[{"start":{"line":111,"column":6},"end":{"line":118,"column":7}},{"start":{"line":114,"column":13},"end":{"line":118,"column":7}}],"line":111},"8":{"loc":{"start":{"line":133,"column":6},"end":{"line":137,"column":7}},"type":"if","locations":[{"start":{"line":133,"column":6},"end":{"line":137,"column":7}},{"start":{},"end":{}}],"line":133},"9":{"loc":{"start":{"line":133,"column":9},"end":{"line":133,"column":80}},"type":"binary-expr","locations":[{"start":{"line":133,"column":9},"end":{"line":133,"column":34}},{"start":{"line":133,"column":38},"end":{"line":133,"column":80}}],"line":133}},"s":{"0":0,"1":0,"2":0,"3":0,"4":0,"5":0,"6":0,"7":0,"8":0,"9":0,"10":0,"11":0,"12":0,"13":0,"14":0,"15":0,"16":0,"17":0,"18":0,"19":0,"20":0,"21":0,"22":0,"23":0,"24":0,"25":0,"26":0,"27":0,"28":0,"29":0,"30":0,"31":0,"32":0,"33":0,"34":0,"35":0,"36":0,"37":0,"38":0,"39":0,"40":0,"41":0,"42":0,"43":0,"44":0,"45":0,"46":0,"47":0,"48":0,"49":0,"50":0,"51":0,"52":0,"53":0,"54":0,"55":0,"56":0,"57":0,"58":0,"59":0,"60":0,"61":0,"62":0,"63":0},"f":{"0":0,"1":0,"2":0,"3":0,"4":0,"5":0,"6":0},"b":{"0":[0,0],"1":[0,0],"2":[0,0],"3":[0,0],"4":[0,0],"5":[0,0],"6":[0,0],"7":[0,0],"8":[0,0],"9":[0,0]}}
,"/Users/maximechemenda/Desktop/st-coursework/endpoints/users.js": {"path":"/Users/maximechemenda/Desktop/st-coursework/endpoints/users.js","statementMap":{"0":{"start":{"line":1,"column":10},"end":{"line":1,"column":33}},"1":{"start":{"line":2,"column":13},"end":{"line":2,"column":30}},"2":{"start":{"line":4,"column":0},"end":{"line":4,"column":27}},"3":{"start":{"line":6,"column":13},"end":{"line":6,"column":38}},"4":{"start":{"line":7,"column":13},"end":{"line":7,"column":22}},"5":{"start":{"line":9,"column":14},"end":{"line":9,"column":40}},"6":{"start":{"line":10,"column":14},"end":{"line":10,"column":25}},"7":{"start":{"line":12,"column":28},"end":{"line":12,"column":45}},"8":{"start":{"line":14,"column":0},"end":{"line":227,"column":2}},"9":{"start":{"line":19,"column":2},"end":{"line":47,"column":5}},"10":{"start":{"line":20,"column":2},"end":{"line":46,"column":3}},"11":{"start":{"line":23,"column":4},"end":{"line":27,"column":5}},"12":{"start":{"line":24,"column":6},"end":{"line":26,"column":9}},"13":{"start":{"line":29,"column":23},"end":{"line":29,"column":67}},"14":{"start":{"line":30,"column":4},"end":{"line":40,"column":5}},"15":{"start":{"line":31,"column":17},"end":{"line":31,"column":32}},"16":{"start":{"line":32,"column":6},"end":{"line":32,"column":60}},"17":{"start":{"line":33,"column":22},"end":{"line":33,"column":36}},"18":{"start":{"line":34,"column":27},"end":{"line":34,"column":47}},"19":{"start":{"line":35,"column":6},"end":{"line":35,"column":48}},"20":{"start":{"line":37,"column":6},"end":{"line":39,"column":9}},"21":{"start":{"line":42,"column":4},"end":{"line":42,"column":23}},"22":{"start":{"line":43,"column":4},"end":{"line":45,"column":7}},"23":{"start":{"line":50,"column":2},"end":{"line":103,"column":5}},"24":{"start":{"line":51,"column":4},"end":{"line":102,"column":5}},"25":{"start":{"line":52,"column":6},"end":{"line":96,"column":9}},"26":{"start":{"line":53,"column":8},"end":{"line":58,"column":9}},"27":{"start":{"line":54,"column":10},"end":{"line":56,"column":13}},"28":{"start":{"line":57,"column":10},"end":{"line":57,"column":17}},"29":{"start":{"line":59,"column":8},"end":{"line":63,"column":9}},"30":{"start":{"line":60,"column":10},"end":{"line":62,"column":13}},"31":{"start":{"line":66,"column":30},"end":{"line":69,"column":9}},"32":{"start":{"line":71,"column":8},"end":{"line":76,"column":9}},"33":{"start":{"line":72,"column":10},"end":{"line":75,"column":13}},"34":{"start":{"line":78,"column":20},"end":{"line":82,"column":10}},"35":{"start":{"line":85,"column":8},"end":{"line":95,"column":13}},"36":{"start":{"line":98,"column":6},"end":{"line":98,"column":25}},"37":{"start":{"line":99,"column":6},"end":{"line":101,"column":9}},"38":{"start":{"line":106,"column":2},"end":{"line":123,"column":5}},"39":{"start":{"line":107,"column":4},"end":{"line":122,"column":5}},"40":{"start":{"line":109,"column":6},"end":{"line":113,"column":7}},"41":{"start":{"line":110,"column":8},"end":{"line":112,"column":11}},"42":{"start":{"line":115,"column":23},"end":{"line":115,"column":40}},"43":{"start":{"line":116,"column":6},"end":{"line":116,"column":44}},"44":{"start":{"line":118,"column":6},"end":{"line":118,"column":25}},"45":{"start":{"line":119,"column":6},"end":{"line":121,"column":9}},"46":{"start":{"line":126,"column":2},"end":{"line":143,"column":5}},"47":{"start":{"line":127,"column":4},"end":{"line":142,"column":5}},"48":{"start":{"line":129,"column":6},"end":{"line":133,"column":7}},"49":{"start":{"line":130,"column":8},"end":{"line":132,"column":11}},"50":{"start":{"line":134,"column":25},"end":{"line":134,"column":35}},"51":{"start":{"line":135,"column":24},"end":{"line":135,"column":60}},"52":{"start":{"line":136,"column":6},"end":{"line":136,"column":45}},"53":{"start":{"line":138,"column":6},"end":{"line":138,"column":25}},"54":{"start":{"line":139,"column":6},"end":{"line":141,"column":9}},"55":{"start":{"line":146,"column":2},"end":{"line":169,"column":5}},"56":{"start":{"line":147,"column":4},"end":{"line":168,"column":5}},"57":{"start":{"line":149,"column":6},"end":{"line":153,"column":7}},"58":{"start":{"line":150,"column":8},"end":{"line":152,"column":11}},"59":{"start":{"line":154,"column":25},"end":{"line":154,"column":35}},"60":{"start":{"line":155,"column":24},"end":{"line":155,"column":59}},"61":{"start":{"line":156,"column":6},"end":{"line":160,"column":7}},"62":{"start":{"line":157,"column":8},"end":{"line":159,"column":11}},"63":{"start":{"line":162,"column":26},"end":{"line":162,"column":62}},"64":{"start":{"line":163,"column":6},"end":{"line":163,"column":47}},"65":{"start":{"line":165,"column":6},"end":{"line":167,"column":9}},"66":{"start":{"line":174,"column":2},"end":{"line":184,"column":5}},"67":{"start":{"line":175,"column":4},"end":{"line":183,"column":5}},"68":{"start":{"line":176,"column":24},"end":{"line":176,"column":64}},"69":{"start":{"line":177,"column":6},"end":{"line":177,"column":45}},"70":{"start":{"line":179,"column":6},"end":{"line":179,"column":25}},"71":{"start":{"line":180,"column":6},"end":{"line":182,"column":9}},"72":{"start":{"line":187,"column":2},"end":{"line":204,"column":5}},"73":{"start":{"line":188,"column":4},"end":{"line":203,"column":5}},"74":{"start":{"line":189,"column":24},"end":{"line":189,"column":64}},"75":{"start":{"line":190,"column":6},"end":{"line":197,"column":7}},"76":{"start":{"line":191,"column":28},"end":{"line":191,"column":94}},"77":{"start":{"line":192,"column":8},"end":{"line":192,"column":49}},"78":{"start":{"line":194,"column":8},"end":{"line":196,"column":11}},"79":{"start":{"line":199,"column":6},"end":{"line":199,"column":25}},"80":{"start":{"line":200,"column":6},"end":{"line":202,"column":9}},"81":{"start":{"line":207,"column":2},"end":{"line":226,"column":5}},"82":{"start":{"line":208,"column":4},"end":{"line":225,"column":5}},"83":{"start":{"line":211,"column":6},"end":{"line":215,"column":7}},"84":{"start":{"line":212,"column":8},"end":{"line":214,"column":11}},"85":{"start":{"line":217,"column":25},"end":{"line":217,"column":35}},"86":{"start":{"line":218,"column":24},"end":{"line":218,"column":60}},"87":{"start":{"line":219,"column":6},"end":{"line":219,"column":45}},"88":{"start":{"line":221,"column":6},"end":{"line":221,"column":25}},"89":{"start":{"line":222,"column":6},"end":{"line":224,"column":9}}},"fnMap":{"0":{"name":"(anonymous_0)","decl":{"start":{"line":14,"column":17},"end":{"line":14,"column":18}},"loc":{"start":{"line":14,"column":26},"end":{"line":227,"column":1}},"line":14},"1":{"name":"(anonymous_1)","decl":{"start":{"line":19,"column":30},"end":{"line":19,"column":31}},"loc":{"start":{"line":19,"column":50},"end":{"line":47,"column":3}},"line":19},"2":{"name":"(anonymous_2)","decl":{"start":{"line":50,"column":27},"end":{"line":50,"column":28}},"loc":{"start":{"line":50,"column":47},"end":{"line":103,"column":3}},"line":50},"3":{"name":"(anonymous_3)","decl":{"start":{"line":52,"column":51},"end":{"line":52,"column":52}},"loc":{"start":{"line":52,"column":68},"end":{"line":96,"column":7}},"line":52},"4":{"name":"(anonymous_4)","decl":{"start":{"line":106,"column":39},"end":{"line":106,"column":40}},"loc":{"start":{"line":106,"column":59},"end":{"line":123,"column":3}},"line":106},"5":{"name":"(anonymous_5)","decl":{"start":{"line":126,"column":47},"end":{"line":126,"column":48}},"loc":{"start":{"line":126,"column":67},"end":{"line":143,"column":3}},"line":126},"6":{"name":"(anonymous_6)","decl":{"start":{"line":146,"column":49},"end":{"line":146,"column":50}},"loc":{"start":{"line":146,"column":69},"end":{"line":169,"column":3}},"line":146},"7":{"name":"(anonymous_7)","decl":{"start":{"line":174,"column":38},"end":{"line":174,"column":39}},"loc":{"start":{"line":174,"column":58},"end":{"line":184,"column":3}},"line":174},"8":{"name":"(anonymous_8)","decl":{"start":{"line":187,"column":38},"end":{"line":187,"column":39}},"loc":{"start":{"line":187,"column":58},"end":{"line":204,"column":3}},"line":187},"9":{"name":"(anonymous_9)","decl":{"start":{"line":207,"column":47},"end":{"line":207,"column":48}},"loc":{"start":{"line":207,"column":67},"end":{"line":226,"column":3}},"line":207}},"branchMap":{"0":{"loc":{"start":{"line":23,"column":4},"end":{"line":27,"column":5}},"type":"if","locations":[{"start":{"line":23,"column":4},"end":{"line":27,"column":5}},{"start":{},"end":{}}],"line":23},"1":{"loc":{"start":{"line":30,"column":4},"end":{"line":40,"column":5}},"type":"if","locations":[{"start":{"line":30,"column":4},"end":{"line":40,"column":5}},{"start":{"line":36,"column":11},"end":{"line":40,"column":5}}],"line":30},"2":{"loc":{"start":{"line":53,"column":8},"end":{"line":58,"column":9}},"type":"if","locations":[{"start":{"line":53,"column":8},"end":{"line":58,"column":9}},{"start":{},"end":{}}],"line":53},"3":{"loc":{"start":{"line":59,"column":8},"end":{"line":63,"column":9}},"type":"if","locations":[{"start":{"line":59,"column":8},"end":{"line":63,"column":9}},{"start":{},"end":{}}],"line":59},"4":{"loc":{"start":{"line":71,"column":8},"end":{"line":76,"column":9}},"type":"if","locations":[{"start":{"line":71,"column":8},"end":{"line":76,"column":9}},{"start":{},"end":{}}],"line":71},"5":{"loc":{"start":{"line":109,"column":6},"end":{"line":113,"column":7}},"type":"if","locations":[{"start":{"line":109,"column":6},"end":{"line":113,"column":7}},{"start":{},"end":{}}],"line":109},"6":{"loc":{"start":{"line":129,"column":6},"end":{"line":133,"column":7}},"type":"if","locations":[{"start":{"line":129,"column":6},"end":{"line":133,"column":7}},{"start":{},"end":{}}],"line":129},"7":{"loc":{"start":{"line":149,"column":6},"end":{"line":153,"column":7}},"type":"if","locations":[{"start":{"line":149,"column":6},"end":{"line":153,"column":7}},{"start":{},"end":{}}],"line":149},"8":{"loc":{"start":{"line":156,"column":6},"end":{"line":160,"column":7}},"type":"if","locations":[{"start":{"line":156,"column":6},"end":{"line":160,"column":7}},{"start":{},"end":{}}],"line":156},"9":{"loc":{"start":{"line":190,"column":6},"end":{"line":197,"column":7}},"type":"if","locations":[{"start":{"line":190,"column":6},"end":{"line":197,"column":7}},{"start":{"line":193,"column":13},"end":{"line":197,"column":7}}],"line":190},"10":{"loc":{"start":{"line":211,"column":6},"end":{"line":215,"column":7}},"type":"if","locations":[{"start":{"line":211,"column":6},"end":{"line":215,"column":7}},{"start":{},"end":{}}],"line":211}},"s":{"0":0,"1":0,"2":0,"3":0,"4":0,"5":0,"6":0,"7":0,"8":0,"9":0,"10":0,"11":0,"12":0,"13":0,"14":0,"15":0,"16":0,"17":0,"18":0,"19":0,"20":0,"21":0,"22":0,"23":0,"24":0,"25":0,"26":0,"27":0,"28":0,"29":0,"30":0,"31":0,"32":0,"33":0,"34":0,"35":0,"36":0,"37":0,"38":0,"39":0,"40":0,"41":0,"42":0,"43":0,"44":0,"45":0,"46":0,"47":0,"48":0,"49":0,"50":0,"51":0,"52":0,"53":0,"54":0,"55":0,"56":0,"57":0,"58":0,"59":0,"60":0,"61":0,"62":0,"63":0,"64":0,"65":0,"66":0,"67":0,"68":0,"69":0,"70":0,"71":0,"72":0,"73":0,"74":0,"75":0,"76":0,"77":0,"78":0,"79":0,"80":0,"81":0,"82":0,"83":0,"84":0,"85":0,"86":0,"87":0,"88":0,"89":0},"f":{"0":0,"1":0,"2":0,"3":0,"4":0,"5":0,"6":0,"7":0,"8":0,"9":0},"b":{"0":[0,0],"1":[0,0],"2":[0,0],"3":[0,0],"4":[0,0],"5":[0,0],"6":[0,0],"7":[0,0],"8":[0,0],"9":[0,0],"10":[0,0]}}
,"/Users/maximechemenda/Desktop/st-coursework/models/order.js": {"path":"/Users/maximechemenda/Desktop/st-coursework/models/order.js","statementMap":{"0":{"start":{"line":2,"column":17},"end":{"line":2,"column":36}},"1":{"start":{"line":4,"column":20},"end":{"line":20,"column":2}},"2":{"start":{"line":22,"column":14},"end":{"line":22,"column":50}},"3":{"start":{"line":24,"column":0},"end":{"line":24,"column":27}}},"fnMap":{},"branchMap":{},"s":{"0":4,"1":4,"2":4,"3":4},"f":{},"b":{},"_coverageSchema":"1a1c01bbd47fc00a2c39e90264f33305004495a9","hash":"1be62c9a73c16657dc3488f53d971612f703af66"}
,"/Users/maximechemenda/Desktop/st-coursework/models/user.js": {"path":"/Users/maximechemenda/Desktop/st-coursework/models/user.js","statementMap":{"0":{"start":{"line":2,"column":17},"end":{"line":2,"column":36}},"1":{"start":{"line":4,"column":19},"end":{"line":37,"column":2}},"2":{"start":{"line":18,"column":8},"end":{"line":18,"column":52}},"3":{"start":{"line":39,"column":13},"end":{"line":39,"column":47}},"4":{"start":{"line":41,"column":0},"end":{"line":41,"column":26}}},"fnMap":{"0":{"name":"(anonymous_0)","decl":{"start":{"line":17,"column":17},"end":{"line":17,"column":18}},"loc":{"start":{"line":17,"column":30},"end":{"line":19,"column":7}},"line":17}},"branchMap":{},"s":{"0":4,"1":4,"2":4,"3":4,"4":4},"f":{"0":4},"b":{},"_coverageSchema":"1a1c01bbd47fc00a2c39e90264f33305004495a9","hash":"f4f38827cf823a6491c5b2f5aef25430d95e808b"}
}
